<?xml version="1.0" encoding="UTF-8"?>
<!-- Generated by org.testng.reporters.JUnitXMLReporter -->
<testsuite hostname="XIPL0606" ignored="0" name="Test" tests="3" failures="0" timestamp="27 Mar 2018 11:17:21 GMT" time="2.736" errors="0">
  <testcase name="getGooglePlaceDetails" time="1.9" classname="googleAPITestsJson.FinalGoogleSearchAPIScript"/>
  <testcase name="postAndDeleteGooglePlaceDetails" time="0.561" classname="googleAPITestsJson.FinalGoogleSearchAPIScript"/>
  <testcase name="postGooglePlaceDetails" time="0.255" classname="googleAPITestsJson.FinalGoogleSearchAPIScript"/>
</testsuite> <!-- Test -->
