<?xml version="1.0" encoding="UTF-8"?>
<testng-results skipped="0" failed="0" total="3" passed="3">
  <reporter-output>
  </reporter-output>
  <suite name="Suite" duration-ms="3172" started-at="2018-04-02T12:43:14Z" finished-at="2018-04-02T12:43:17Z">
    <groups>
    </groups>
    <test name="Test" duration-ms="3172" started-at="2018-04-02T12:43:14Z" finished-at="2018-04-02T12:43:17Z">
      <class name="googleAPITestsJson.FinalGoogleSearchAPIScript">
        <test-method status="PASS" signature="getPropertiesData()[pri:0, instance:googleAPITestsJson.FinalGoogleSearchAPIScript@43a25848]" name="getPropertiesData" is-config="true" duration-ms="6" started-at="2018-04-02T18:13:14Z" finished-at="2018-04-02T18:13:14Z">
          <reporter-output>
          </reporter-output>
        </test-method> <!-- getPropertiesData -->
        <test-method status="PASS" signature="getGooglePlaceDetails()[pri:0, instance:googleAPITestsJson.FinalGoogleSearchAPIScript@43a25848]" name="getGooglePlaceDetails" duration-ms="2138" started-at="2018-04-02T18:13:14Z" finished-at="2018-04-02T18:13:16Z">
          <reporter-output>
          </reporter-output>
        </test-method> <!-- getGooglePlaceDetails -->
        <test-method status="PASS" signature="postAndDeleteGooglePlaceDetails()[pri:0, instance:googleAPITestsJson.FinalGoogleSearchAPIScript@43a25848]" name="postAndDeleteGooglePlaceDetails" duration-ms="704" started-at="2018-04-02T18:13:16Z" finished-at="2018-04-02T18:13:17Z">
          <reporter-output>
          </reporter-output>
        </test-method> <!-- postAndDeleteGooglePlaceDetails -->
        <test-method status="PASS" signature="postGooglePlaceDetails()[pri:0, instance:googleAPITestsJson.FinalGoogleSearchAPIScript@43a25848]" name="postGooglePlaceDetails" duration-ms="317" started-at="2018-04-02T18:13:17Z" finished-at="2018-04-02T18:13:17Z">
          <reporter-output>
          </reporter-output>
        </test-method> <!-- postGooglePlaceDetails -->
      </class> <!-- googleAPITestsJson.FinalGoogleSearchAPIScript -->
    </test> <!-- Test -->
  </suite> <!-- Suite -->
</testng-results>
