<?xml version="1.0" encoding="UTF-8"?>
<testng-results skipped="0" failed="1" ignored="0" total="2" passed="1">
  <reporter-output>
  </reporter-output>
  <suite name="Default suite" duration-ms="3507" started-at="2018-04-02T11:42:22Z" finished-at="2018-04-02T11:42:26Z">
    <groups>
    </groups>
    <test name="Default test" duration-ms="3507" started-at="2018-04-02T11:42:22Z" finished-at="2018-04-02T11:42:26Z">
      <class name="twitterAPITestsJson.FinalTwitterAPIscript">
        <test-method status="PASS" signature="getPropertiesData()[pri:0, instance:twitterAPITestsJson.FinalTwitterAPIscript@f6c48ac]" name="getPropertiesData" is-config="true" duration-ms="7" started-at="2018-04-02T11:42:22Z" finished-at="2018-04-02T11:42:22Z">
          <reporter-output>
          </reporter-output>
        </test-method> <!-- getPropertiesData -->
        <test-method status="FAIL" signature="getTweet()[pri:0, instance:twitterAPITestsJson.FinalTwitterAPIscript@f6c48ac]" name="getTweet" duration-ms="2075" started-at="2018-04-02T11:42:22Z" finished-at="2018-04-02T11:42:24Z">
          <exception class="junit.framework.ComparisonFailure">
            <message>
              <![CDATA[expected:<[[]]]]><![CDATA[> but was:<[[OnlineAPI]]><![CDATA[]]]]><![CDATA[>]]>
            </message>
            <full-stacktrace>
              <![CDATA[junit.framework.ComparisonFailure: expected:<[[]]]]><![CDATA[> but was:<[[OnlineAPI]]]]><![CDATA[>
at junit.framework.Assert.assertEquals(Assert.java:85)
at junit.framework.Assert.assertEquals(Assert.java:91)
at twitterAPITestsJson.FinalTwitterAPIscript.getTweet(FinalTwitterAPIscript.java:55)
at sun.reflect.NativeMethodAccessorImpl.invoke0(Native Method)
at sun.reflect.NativeMethodAccessorImpl.invoke(Unknown Source)
at sun.reflect.DelegatingMethodAccessorImpl.invoke(Unknown Source)
at java.lang.reflect.Method.invoke(Unknown Source)
at org.testng.internal.MethodInvocationHelper.invokeMethod(MethodInvocationHelper.java:124)
at org.testng.internal.Invoker.invokeMethod(Invoker.java:580)
at org.testng.internal.Invoker.invokeTestMethod(Invoker.java:716)
at org.testng.internal.Invoker.invokeTestMethods(Invoker.java:988)
at org.testng.internal.TestMethodWorker.invokeTestMethods(TestMethodWorker.java:125)
at org.testng.internal.TestMethodWorker.run(TestMethodWorker.java:109)
at org.testng.TestRunner.privateRun(TestRunner.java:648)
at org.testng.TestRunner.run(TestRunner.java:505)
at org.testng.SuiteRunner.runTest(SuiteRunner.java:455)
at org.testng.SuiteRunner.runSequentially(SuiteRunner.java:450)
at org.testng.SuiteRunner.privateRun(SuiteRunner.java:415)
at org.testng.SuiteRunner.run(SuiteRunner.java:364)
at org.testng.SuiteRunnerWorker.runSuite(SuiteRunnerWorker.java:52)
at org.testng.SuiteRunnerWorker.run(SuiteRunnerWorker.java:84)
at org.testng.TestNG.runSuitesSequentially(TestNG.java:1208)
at org.testng.TestNG.runSuitesLocally(TestNG.java:1137)
at org.testng.TestNG.runSuites(TestNG.java:1049)
at org.testng.TestNG.run(TestNG.java:1017)
at org.testng.remote.AbstractRemoteTestNG.run(AbstractRemoteTestNG.java:114)
at org.testng.remote.RemoteTestNG.initAndRun(RemoteTestNG.java:251)
at org.testng.remote.RemoteTestNG.main(RemoteTestNG.java:77)
]]>
            </full-stacktrace>
          </exception> <!-- junit.framework.ComparisonFailure -->
          <reporter-output>
          </reporter-output>
        </test-method> <!-- getTweet -->
        <test-method status="PASS" signature="postAndDeleteTweet()[pri:0, instance:twitterAPITestsJson.FinalTwitterAPIscript@f6c48ac]" name="postAndDeleteTweet" duration-ms="1409" started-at="2018-04-02T11:42:24Z" finished-at="2018-04-02T11:42:26Z">
          <reporter-output>
          </reporter-output>
        </test-method> <!-- postAndDeleteTweet -->
      </class> <!-- twitterAPITestsJson.FinalTwitterAPIscript -->
    </test> <!-- Default test -->
  </suite> <!-- Default suite -->
</testng-results>
